#
# A fatal error has been detected by the Java Runtime Environment:
#
#  EXCEPTION_ACCESS_VIOLATION (0xc0000005) at pc=0x000000001fc3fe3c, pid=13676, tid=0x00000000000036e0
#
# JRE version: Java(TM) SE Runtime Environment (8.0_191-b12) (build 1.8.0_191-b12)
# Java VM: Java HotSpot(TM) 64-Bit Server VM (25.191-b12 mixed mode windows-amd64 compressed oops)
# Problematic frame:
# C  0x000000001fc3fe3c
#
# Failed to write core dump. Minidumps are not enabled by default on client versions of Windows
#
# If you would like to submit a bug report, please visit:
#   http://bugreport.java.com/bugreport/crash.jsp
# The crash happened outside the Java Virtual Machine in native code.
# See problematic frame for where to report the bug.
#

---------------  T H R E A D  ---------------

Current thread (0x0000000002dc3800):  JavaThread "main" [_thread_in_native, id=14048, stack(0x0000000001300000,0x0000000001400000)]

siginfo: ExceptionCode=0xc0000005, reading address 0x0000000000000000

Registers:
RAX=0x0000000023022230, RBX=0x0000000025fc0000, RCX=0x0000000000000000, RDX=0x0000000000000006
RSP=0x00000000013fef50, RBP=0x0000000024698320, RSI=0x0000000000000000, RDI=0x0000000000000000
R8 =0x0000000000000000, R9 =0x0000000000000006, R10=0x0000000024698320, R11=0x0000000000000000
R12=0x0000000000000000, R13=0x0000000000000000, R14=0x0000000000000004, R15=0x0000000023022230
RIP=0x000000001fc3fe3c, EFLAGS=0x0000000000010206

Top of Stack: (sp=0x00000000013fef50)
0x00000000013fef50:   0000000022635904 0000000000000000
0x00000000013fef60:   0000000000000006 0000000025fc0000
0x00000000013fef70:   0000000024698320 000000005fef5b09
0x00000000013fef80:   0000000025fc0000 0000000024698320
0x00000000013fef90:   0000000000000006 0000000025fc0000
0x00000000013fefa0:   00000000013ff010 000000005ff1ac6a
0x00000000013fefb0:   0000000024698320 0000000000f72c38
0x00000000013fefc0:   0000000000000004 0000000024698320
0x00000000013fefd0:   0000000000000006 0000000000000000
0x00000000013fefe0:   0000000025fc0000 000000005fef23dd
0x00000000013feff0:   0000000025fc0000 0000000000000000
0x00000000013ff000:   000000001c3ba2b0 0000000002dc3800
0x00000000013ff010:   0000000000000082 00c0000000000000
0x00000000013ff020:   0000000000000001 000000005fa990e3
0x00000000013ff030:   0000000025fc0000 0000000000000010
0x00000000013ff040:   0000000000000000 0000000000000004 

Instructions: (pc=0x000000001fc3fe3c)
0x000000001fc3fe1c:   8b c2 49 8b c8 49 8b d1 48 be 00 d4 01 26 00 00
0x000000001fc3fe2c:   00 00 48 8b 36 48 8b b6 08 03 00 00 48 8d 34 ce
0x000000001fc3fe3c:   8b 3e 8b 6e 04 89 38 89 68 04 48 be 00 d4 01 26
0x000000001fc3fe4c:   00 00 00 00 48 8b 36 48 8b b6 38 03 00 00 48 8d 


Register to memory mapping:

RAX=0x0000000023022230 is an unknown value
RBX=0x0000000025fc0000 is an unknown value
RCX=0x0000000000000000 is an unknown value
RDX=0x0000000000000006 is an unknown value
RSP=0x00000000013fef50 is pointing into the stack for thread: 0x0000000002dc3800
RBP=0x0000000024698320 is an unknown value
RSI=0x0000000000000000 is an unknown value
RDI=0x0000000000000000 is an unknown value
R8 =0x0000000000000000 is an unknown value
R9 =0x0000000000000006 is an unknown value
R10=0x0000000024698320 is an unknown value
R11=0x0000000000000000 is an unknown value
R12=0x0000000000000000 is an unknown value
R13=0x0000000000000000 is an unknown value
R14=0x0000000000000004 is an unknown value
R15=0x0000000023022230 is an unknown value


Stack: [0x0000000001300000,0x0000000001400000],  sp=0x00000000013fef50,  free space=1019k
Native frames: (J=compiled Java code, j=interpreted, Vv=VM code, C=native code)
C  0x000000001fc3fe3c

Java frames: (J=compiled Java code, j=interpreted, Vv=VM code)
j  org.lwjgl.opengl.GL11.nglDrawArrays(IIIJ)V+0
j  org.lwjgl.opengl.GL11.glDrawArrays(III)V+20
j  com.base.engine.rendering.RenderingEngine.render(Lcom/base/engine/core/GameObject;)V+256
j  com.base.engine.core.Game.render(Lcom/base/engine/rendering/RenderingEngine;)V+5
j  com.base.engine.core.CoreEngine.run()V+164
j  com.base.engine.core.CoreEngine.start()V+9
j  com.base.game.Main.main([Ljava/lang/String;)V+31
v  ~StubRoutines::call_stub

---------------  P R O C E S S  ---------------

Java Threads: ( => current thread )
  0x000000002879a000 JavaThread "Java2D Disposer" daemon [_thread_blocked, id=12428, stack(0x000000001f930000,0x000000001fa30000)]
  0x000000001e803800 JavaThread "Service Thread" daemon [_thread_blocked, id=14204, stack(0x000000001f6c0000,0x000000001f7c0000)]
  0x000000001e7cd800 JavaThread "C1 CompilerThread3" daemon [_thread_blocked, id=17708, stack(0x000000001f5c0000,0x000000001f6c0000)]
  0x000000001e7cb000 JavaThread "C2 CompilerThread2" daemon [_thread_blocked, id=5076, stack(0x000000001f4c0000,0x000000001f5c0000)]
  0x000000001e7c9000 JavaThread "C2 CompilerThread1" daemon [_thread_blocked, id=15228, stack(0x000000001f3c0000,0x000000001f4c0000)]
  0x000000001e7c6800 JavaThread "C2 CompilerThread0" daemon [_thread_blocked, id=16968, stack(0x000000001f2c0000,0x000000001f3c0000)]
  0x000000001e6fa800 JavaThread "JDWP Command Reader" daemon [_thread_in_native, id=10404, stack(0x000000001f1c0000,0x000000001f2c0000)]
  0x000000001e6f7800 JavaThread "JDWP Event Helper Thread" daemon [_thread_blocked, id=12448, stack(0x000000001f0c0000,0x000000001f1c0000)]
  0x000000001e6eb800 JavaThread "JDWP Transport Listener: dt_socket" daemon [_thread_blocked, id=19276, stack(0x000000001efc0000,0x000000001f0c0000)]
  0x000000001e6e1000 JavaThread "Attach Listener" daemon [_thread_blocked, id=11164, stack(0x000000001eec0000,0x000000001efc0000)]
  0x000000001e6df800 JavaThread "Signal Dispatcher" daemon [_thread_blocked, id=10768, stack(0x000000001edc0000,0x000000001eec0000)]
  0x000000001e6d1000 JavaThread "Finalizer" daemon [_thread_blocked, id=2448, stack(0x000000001ebb0000,0x000000001ecb0000)]
  0x000000001e6d0800 JavaThread "Reference Handler" daemon [_thread_blocked, id=18700, stack(0x000000001eab0000,0x000000001ebb0000)]
=>0x0000000002dc3800 JavaThread "main" [_thread_in_native, id=14048, stack(0x0000000001300000,0x0000000001400000)]

Other Threads:
  0x000000001c8c9800 VMThread [stack: 0x000000001e5b0000,0x000000001e6b0000] [id=16356]
  0x000000001e808800 WatcherThread [stack: 0x000000001f7c0000,0x000000001f8c0000] [id=14700]

VM state:not at safepoint (normal execution)

VM Mutex/Monitor currently owned by a thread: None

Heap:
 PSYoungGen      total 258048K, used 35158K [0x000000076b500000, 0x000000077f100000, 0x00000007c0000000)
  eden space 244736K, 8% used [0x000000076b500000,0x000000076ca5d9c0,0x000000077a400000)
  from space 13312K, 99% used [0x000000077c200000,0x000000077cef8010,0x000000077cf00000)
  to   space 30720K, 0% used [0x000000077a400000,0x000000077a400000,0x000000077c200000)
 ParOldGen       total 175104K, used 113559K [0x00000006c1e00000, 0x00000006cc900000, 0x000000076b500000)
  object space 175104K, 64% used [0x00000006c1e00000,0x00000006c8ce5e60,0x00000006cc900000)
 Metaspace       used 7520K, capacity 7723K, committed 8064K, reserved 1056768K
  class space    used 720K, capacity 794K, committed 896K, reserved 1048576K

Card table byte_map: [0x0000000012280000,0x0000000012a80000] byte_map_base: 0x000000000ec71000

Marking Bits: (ParMarkBitMap*) 0x0000000062093e30
 Begin Bits: [0x00000000137d0000, 0x0000000017758000)
 End Bits:   [0x0000000017758000, 0x000000001b6e0000)

Polling page: 0x0000000001400000

CodeCache: size=245760Kb used=3663Kb max_used=3675Kb free=242096Kb
 bounds [0x0000000002ec0000, 0x0000000003260000, 0x0000000011ec0000]
 total_blobs=1282 nmethods=853 adapters=350
 compilation: enabled

Compilation events (10 events):
Event: 119.811 Thread 0x000000001e7cd800 nmethod 856 0x0000000003255950 code [0x0000000003255aa0, 0x0000000003255bf0]
Event: 119.812 Thread 0x000000001e7cd800  857       1       com.base.engine.core.GameObject::getTransform (5 bytes)
Event: 119.812 Thread 0x000000001e7cd800 nmethod 857 0x0000000003244310 code [0x0000000003244460, 0x0000000003244570]
Event: 119.814 Thread 0x000000001e7c9000  860       4       java.lang.String::getChars (62 bytes)
Event: 119.814 Thread 0x000000001e7cd800  859       3       com.base.engine.core.math.Quaternion::getZ (5 bytes)
Event: 119.814 Thread 0x000000001e7cd800 nmethod 859 0x0000000003255c90 code [0x0000000003255de0, 0x0000000003255f30]
Event: 119.814 Thread 0x000000001e7cd800  861       3       com.base.engine.core.math.Quaternion::getW (5 bytes)
Event: 119.815 Thread 0x000000001e7cd800 nmethod 861 0x0000000003255fd0 code [0x0000000003256120, 0x0000000003256270]
Event: 119.815 Thread 0x000000001e7cd800  858       3       com.base.engine.core.math.Quaternion::<init> (26 bytes)
Event: 119.815 Thread 0x000000001e7cd800 nmethod 858 0x0000000003256310 code [0x0000000003256460, 0x0000000003256630]

GC Heap History (10 events):
Event: 114.260 GC heap before
{Heap before GC invocations=2 (full 0):
 PSYoungGen      total 76288K, used 75079K [0x000000076b500000, 0x0000000770a00000, 0x00000007c0000000)
  eden space 65536K, 100% used [0x000000076b500000,0x000000076f500000,0x000000076f500000)
  from space 10752K, 88% used [0x000000076f500000,0x000000076fe51c38,0x000000076ff80000)
  to   space 10752K, 0% used [0x000000076ff80000,0x000000076ff80000,0x0000000770a00000)
 ParOldGen       total 175104K, used 3823K [0x00000006c1e00000, 0x00000006cc900000, 0x000000076b500000)
  object space 175104K, 2% used [0x00000006c1e00000,0x00000006c21bbdc0,0x00000006cc900000)
 Metaspace       used 7336K, capacity 7531K, committed 7808K, reserved 1056768K
  class space    used 714K, capacity 794K, committed 896K, reserved 1048576K
Event: 114.266 GC heap after
Heap after GC invocations=2 (full 0):
 PSYoungGen      total 76288K, used 1376K [0x000000076b500000, 0x0000000770a00000, 0x00000007c0000000)
  eden space 65536K, 0% used [0x000000076b500000,0x000000076b500000,0x000000076f500000)
  from space 10752K, 12% used [0x000000076ff80000,0x00000007700d8020,0x0000000770a00000)
  to   space 10752K, 0% used [0x000000076f500000,0x000000076f500000,0x000000076ff80000)
 ParOldGen       total 175104K, used 33831K [0x00000006c1e00000, 0x00000006cc900000, 0x000000076b500000)
  object space 175104K, 19% used [0x00000006c1e00000,0x00000006c3f09df0,0x00000006cc900000)
 Metaspace       used 7336K, capacity 7531K, committed 7808K, reserved 1056768K
  class space    used 714K, capacity 794K, committed 896K, reserved 1048576K
}
Event: 114.632 GC heap before
{Heap before GC invocations=3 (full 0):
 PSYoungGen      total 76288K, used 66912K [0x000000076b500000, 0x0000000770a00000, 0x00000007c0000000)
  eden space 65536K, 100% used [0x000000076b500000,0x000000076f500000,0x000000076f500000)
  from space 10752K, 12% used [0x000000076ff80000,0x00000007700d8020,0x0000000770a00000)
  to   space 10752K, 0% used [0x000000076f500000,0x000000076f500000,0x000000076ff80000)
 ParOldGen       total 175104K, used 33831K [0x00000006c1e00000, 0x00000006cc900000, 0x000000076b500000)
  object space 175104K, 19% used [0x00000006c1e00000,0x00000006c3f09df0,0x00000006cc900000)
 Metaspace       used 7337K, capacity 7531K, committed 7808K, reserved 1056768K
  class space    used 714K, capacity 794K, committed 896K, reserved 1048576K
Event: 114.638 GC heap after
Heap after GC invocations=3 (full 0):
 PSYoungGen      total 76288K, used 10392K [0x000000076b500000, 0x0000000774a00000, 0x00000007c0000000)
  eden space 65536K, 0% used [0x000000076b500000,0x000000076b500000,0x000000076f500000)
  from space 10752K, 96% used [0x000000076f500000,0x000000076ff26020,0x000000076ff80000)
  to   space 10752K, 0% used [0x0000000773f80000,0x0000000773f80000,0x0000000774a00000)
 ParOldGen       total 175104K, used 51831K [0x00000006c1e00000, 0x00000006cc900000, 0x000000076b500000)
  object space 175104K, 29% used [0x00000006c1e00000,0x00000006c509de10,0x00000006cc900000)
 Metaspace       used 7337K, capacity 7531K, committed 7808K, reserved 1056768K
  class space    used 714K, capacity 794K, committed 896K, reserved 1048576K
}
Event: 114.948 GC heap before
{Heap before GC invocations=4 (full 0):
 PSYoungGen      total 76288K, used 75928K [0x000000076b500000, 0x0000000774a00000, 0x00000007c0000000)
  eden space 65536K, 100% used [0x000000076b500000,0x000000076f500000,0x000000076f500000)
  from space 10752K, 96% used [0x000000076f500000,0x000000076ff26020,0x000000076ff80000)
  to   space 10752K, 0% used [0x0000000773f80000,0x0000000773f80000,0x0000000774a00000)
 ParOldGen       total 175104K, used 51831K [0x00000006c1e00000, 0x00000006cc900000, 0x000000076b500000)
  object space 175104K, 29% used [0x00000006c1e00000,0x00000006c509de10,0x00000006cc900000)
 Metaspace       used 7393K, capacity 7531K, committed 7808K, reserved 1056768K
  class space    used 714K, capacity 794K, committed 896K, reserved 1048576K
Event: 114.953 GC heap after
Heap after GC invocations=4 (full 0):
 PSYoungGen      total 141824K, used 5751K [0x000000076b500000, 0x0000000774a00000, 0x00000007c0000000)
  eden space 131072K, 0% used [0x000000076b500000,0x000000076b500000,0x0000000773500000)
  from space 10752K, 53% used [0x0000000773f80000,0x000000077451def0,0x0000000774a00000)
  to   space 10752K, 0% used [0x0000000773500000,0x0000000773500000,0x0000000773f80000)
 ParOldGen       total 175104K, used 51839K [0x00000006c1e00000, 0x00000006cc900000, 0x000000076b500000)
  object space 175104K, 29% used [0x00000006c1e00000,0x00000006c509fe10,0x00000006cc900000)
 Metaspace       used 7393K, capacity 7531K, committed 7808K, reserved 1056768K
  class space    used 714K, capacity 794K, committed 896K, reserved 1048576K
}
Event: 115.622 GC heap before
{Heap before GC invocations=5 (full 0):
 PSYoungGen      total 141824K, used 122864K [0x000000076b500000, 0x0000000774a00000, 0x00000007c0000000)
  eden space 131072K, 89% used [0x000000076b500000,0x000000077275e478,0x0000000773500000)
  from space 10752K, 53% used [0x0000000773f80000,0x000000077451def0,0x0000000774a00000)
  to   space 10752K, 0% used [0x0000000773500000,0x0000000773500000,0x0000000773f80000)
 ParOldGen       total 175104K, used 51839K [0x00000006c1e00000, 0x00000006cc900000, 0x000000076b500000)
  object space 175104K, 29% used [0x00000006c1e00000,0x00000006c509fe10,0x00000006cc900000)
 Metaspace       used 7465K, capacity 7595K, committed 7808K, reserved 1056768K
  class space    used 719K, capacity 794K, committed 896K, reserved 1048576K
Event: 115.631 GC heap after
Heap after GC invocations=5 (full 0):
 PSYoungGen      total 141824K, used 1328K [0x000000076b500000, 0x000000077cf00000, 0x00000007c0000000)
  eden space 131072K, 0% used [0x000000076b500000,0x000000076b500000,0x0000000773500000)
  from space 10752K, 12% used [0x0000000773500000,0x000000077364c010,0x0000000773f80000)
  to   space 13312K, 0% used [0x000000077c200000,0x000000077c200000,0x000000077cf00000)
 ParOldGen       total 175104K, used 88711K [0x00000006c1e00000, 0x00000006cc900000, 0x000000076b500000)
  object space 175104K, 50% used [0x00000006c1e00000,0x00000006c74a1e40,0x00000006cc900000)
 Metaspace       used 7465K, capacity 7595K, committed 7808K, reserved 1056768K
  class space    used 719K, capacity 794K, committed 896K, reserved 1048576K
}
Event: 116.228 GC heap before
{Heap before GC invocations=6 (full 0):
 PSYoungGen      total 141824K, used 126077K [0x000000076b500000, 0x000000077cf00000, 0x00000007c0000000)
  eden space 131072K, 95% used [0x000000076b500000,0x0000000772ed3468,0x0000000773500000)
  from space 10752K, 12% used [0x0000000773500000,0x000000077364c010,0x0000000773f80000)
  to   space 13312K, 0% used [0x000000077c200000,0x000000077c200000,0x000000077cf00000)
 ParOldGen       total 175104K, used 88711K [0x00000006c1e00000, 0x00000006cc900000, 0x000000076b500000)
  object space 175104K, 50% used [0x00000006c1e00000,0x00000006c74a1e40,0x00000006cc900000)
 Metaspace       used 7465K, capacity 7595K, committed 7808K, reserved 1056768K
  class space    used 719K, capacity 794K, committed 896K, reserved 1048576K
Event: 116.238 GC heap after
Heap after GC invocations=6 (full 0):
 PSYoungGen      total 258048K, used 13280K [0x000000076b500000, 0x000000077f100000, 0x00000007c0000000)
  eden space 244736K, 0% used [0x000000076b500000,0x000000076b500000,0x000000077a400000)
  from space 13312K, 99% used [0x000000077c200000,0x000000077cef8010,0x000000077cf00000)
  to   space 30720K, 0% used [0x000000077a400000,0x000000077a400000,0x000000077c200000)
 ParOldGen       total 175104K, used 113559K [0x00000006c1e00000, 0x00000006cc900000, 0x000000076b500000)
  object space 175104K, 64% used [0x00000006c1e00000,0x00000006c8ce5e60,0x00000006cc900000)
 Metaspace       used 7465K, capacity 7595K, committed 7808K, reserved 1056768K
  class space    used 719K, capacity 794K, committed 896K, reserved 1048576K
}

Deoptimization events (10 events):
Event: 114.863 Thread 0x0000000002dc3800 Uncommon trap: reason=array_check action=maybe_recompile pc=0x00000000031f25d8 method=java.util.AbstractCollection.toArray([Ljava/lang/Object;)[Ljava/lang/Object; @ 119
Event: 114.863 Thread 0x0000000002dc3800 Uncommon trap: reason=array_check action=maybe_recompile pc=0x00000000031f25d8 method=java.util.AbstractCollection.toArray([Ljava/lang/Object;)[Ljava/lang/Object; @ 119
Event: 114.863 Thread 0x0000000002dc3800 Uncommon trap: reason=array_check action=maybe_recompile pc=0x00000000031f25d8 method=java.util.AbstractCollection.toArray([Ljava/lang/Object;)[Ljava/lang/Object; @ 119
Event: 114.863 Thread 0x0000000002dc3800 Uncommon trap: reason=array_check action=maybe_recompile pc=0x00000000031f25d8 method=java.util.AbstractCollection.toArray([Ljava/lang/Object;)[Ljava/lang/Object; @ 119
Event: 114.914 Thread 0x0000000002dc3800 Uncommon trap: reason=unstable_if action=reinterpret pc=0x000000000320b1d4 method=java.util.HashMap.getNode(ILjava/lang/Object;)Ljava/util/HashMap$Node; @ 129
Event: 114.916 Thread 0x0000000002dc3800 Uncommon trap: reason=unstable_if action=reinterpret pc=0x000000000321ab74 method=java.util.HashMap.getNode(ILjava/lang/Object;)Ljava/util/HashMap$Node; @ 129
Event: 115.034 Thread 0x0000000002dc3800 Uncommon trap: reason=class_check action=maybe_recompile pc=0x0000000003187d74 method=java.util.zip.InflaterInputStream.read([BII)I @ 100
Event: 115.951 Thread 0x0000000002dc3800 Uncommon trap: reason=unstable_if action=reinterpret pc=0x00000000032482d4 method=com.base.engine.rendering.Cubemap.loadImage(Ljava/lang/String;)Ljava/nio/ByteBuffer; @ 92
Event: 119.792 Thread 0x0000000002dc3800 Uncommon trap: reason=class_check action=maybe_recompile pc=0x0000000003187d74 method=java.util.zip.InflaterInputStream.read([BII)I @ 100
Event: 119.798 Thread 0x0000000002dc3800 Uncommon trap: reason=class_check action=maybe_recompile pc=0x0000000003187d74 method=java.util.zip.InflaterInputStream.read([BII)I @ 100

Classes redefined (0 events):
No events

Internal exceptions (10 events):
Event: 113.959 Thread 0x0000000002dc3800 Exception <a 'java/lang/NullPointerException'> (0x000000076b9f5470) thrown at [C:\re\workspace\8-2-build-windows-amd64-cygwin\jdk8u191\11896\hotspot\src\share\vm\interpreter\linkResolver.cpp, line 1185]
Event: 114.072 Thread 0x0000000002dc3800 Exception <a 'java/lang/NullPointerException'> (0x000000076c883e00) thrown at [C:\re\workspace\8-2-build-windows-amd64-cygwin\jdk8u191\11896\hotspot\src\share\vm\interpreter\linkResolver.cpp, line 1185]
Event: 114.223 Thread 0x0000000002dc3800 Exception <a 'java/lang/NullPointerException'> (0x000000076dc2ed90) thrown at [C:\re\workspace\8-2-build-windows-amd64-cygwin\jdk8u191\11896\hotspot\src\share\vm\interpreter\linkResolver.cpp, line 1185]
Event: 114.449 Thread 0x0000000002dc3800 Exception <a 'java/lang/NullPointerException'> (0x000000076c1e3740) thrown at [C:\re\workspace\8-2-build-windows-amd64-cygwin\jdk8u191\11896\hotspot\src\share\vm\interpreter\linkResolver.cpp, line 1185]
Event: 114.562 Thread 0x0000000002dc3800 Exception <a 'java/lang/NullPointerException'> (0x000000076d8e4498) thrown at [C:\re\workspace\8-2-build-windows-amd64-cygwin\jdk8u191\11896\hotspot\src\share\vm\interpreter\linkResolver.cpp, line 1185]
Event: 114.765 Thread 0x0000000002dc3800 Exception <a 'java/lang/NullPointerException'> (0x000000076bad67f8) thrown at [C:\re\workspace\8-2-build-windows-amd64-cygwin\jdk8u191\11896\hotspot\src\share\vm\interpreter\linkResolver.cpp, line 1185]
Event: 114.796 Thread 0x0000000002dc3800 Exception <a 'java/lang/NullPointerException'> (0x000000076c5aca10) thrown at [C:\re\workspace\8-2-build-windows-amd64-cygwin\jdk8u191\11896\hotspot\src\share\vm\interpreter\linkResolver.cpp, line 1185]
Event: 114.812 Thread 0x0000000002dc3800 Exception <a 'java/lang/NullPointerException'> (0x000000076c8f8258) thrown at [C:\re\workspace\8-2-build-windows-amd64-cygwin\jdk8u191\11896\hotspot\src\share\vm\interpreter\linkResolver.cpp, line 1185]
Event: 114.818 Thread 0x0000000002dc3800 Exception <a 'java/lang/NullPointerException'> (0x000000076c982430) thrown at [C:\re\workspace\8-2-build-windows-amd64-cygwin\jdk8u191\11896\hotspot\src\share\vm\interpreter\linkResolver.cpp, line 1185]
Event: 114.822 Thread 0x0000000002dc3800 Exception <a 'java/lang/NullPointerException'> (0x000000076cb8c708) thrown at [C:\re\workspace\8-2-build-windows-amd64-cygwin\jdk8u191\11896\hotspot\src\share\vm\interpreter\linkResolver.cpp, line 1185]

Events (10 events):
Event: 119.798 loading class org/lwjgl/opengl/GL13 done
Event: 119.798 Thread 0x0000000002dc3800 DEOPT PACKING pc=0x0000000003087b49 sp=0x00000000013fd920
Event: 119.798 Thread 0x0000000002dc3800 DEOPT UNPACKING pc=0x0000000002f07890 sp=0x00000000013fd670 mode 1
Event: 119.798 Thread 0x0000000002dc3800 DEOPT PACKING pc=0x000000000300ad44 sp=0x00000000013fd9a0
Event: 119.798 Thread 0x0000000002dc3800 DEOPT UNPACKING pc=0x0000000002f07890 sp=0x00000000013fd7c0 mode 1
Event: 119.798 Thread 0x0000000002dc3800 DEOPT PACKING pc=0x000000000300aadc sp=0x00000000013fdb30
Event: 119.798 Thread 0x0000000002dc3800 DEOPT UNPACKING pc=0x0000000002f07890 sp=0x00000000013fd950 mode 1
Event: 119.798 Thread 0x0000000002dc3800 Uncommon trap: trap_request=0xffffffde fr.pc=0x0000000003187d74
Event: 119.798 Thread 0x0000000002dc3800 DEOPT PACKING pc=0x0000000003187d74 sp=0x00000000013fcc90
Event: 119.798 Thread 0x0000000002dc3800 DEOPT UNPACKING pc=0x0000000002f0583b sp=0x00000000013fcca8 mode 2


Dynamic libraries:
0x00007ff63c170000 - 0x00007ff63c1a7000 	C:\Program Files\Java\jdk1.8.0_191\bin\java.exe
0x00007fff81540000 - 0x00007fff81730000 	C:\WINDOWS\SYSTEM32\ntdll.dll
0x00007fff80c80000 - 0x00007fff80d32000 	C:\WINDOWS\System32\KERNEL32.DLL
0x00007fff7f0c0000 - 0x00007fff7f363000 	C:\WINDOWS\System32\KERNELBASE.dll
0x00007fff802c0000 - 0x00007fff80363000 	C:\WINDOWS\System32\ADVAPI32.dll
0x00007fff80170000 - 0x00007fff8020e000 	C:\WINDOWS\System32\msvcrt.dll
0x00007fff80370000 - 0x00007fff80407000 	C:\WINDOWS\System32\sechost.dll
0x00007fff80880000 - 0x00007fff809a0000 	C:\WINDOWS\System32\RPCRT4.dll
0x00007fff7fd40000 - 0x00007fff7fed4000 	C:\WINDOWS\System32\USER32.dll
0x00007fff7f5c0000 - 0x00007fff7f5e1000 	C:\WINDOWS\System32\win32u.dll
0x00007fff811d0000 - 0x00007fff811f6000 	C:\WINDOWS\System32\GDI32.dll
0x00007fff7e670000 - 0x00007fff7e804000 	C:\WINDOWS\System32\gdi32full.dll
0x00007fff7e4d0000 - 0x00007fff7e56e000 	C:\WINDOWS\System32\msvcp_win.dll
0x00007fff7e570000 - 0x00007fff7e66a000 	C:\WINDOWS\System32\ucrtbase.dll
0x00007fff6e500000 - 0x00007fff6e785000 	C:\WINDOWS\WinSxS\amd64_microsoft.windows.common-controls_6595b64144ccf1df_6.0.18362.418_none_e6c6b287130d565d\COMCTL32.dll
0x00007fff80410000 - 0x00007fff80746000 	C:\WINDOWS\System32\combase.dll
0x00007fff7e810000 - 0x00007fff7e890000 	C:\WINDOWS\System32\bcryptPrimitives.dll
0x00007fff81200000 - 0x00007fff8122e000 	C:\WINDOWS\System32\IMM32.DLL
0x00000000631e0000 - 0x00000000632b2000 	C:\Program Files\Java\jdk1.8.0_191\jre\bin\msvcr100.dll
0x0000000061870000 - 0x0000000062114000 	C:\Program Files\Java\jdk1.8.0_191\jre\bin\server\jvm.dll
0x00007fff812b0000 - 0x00007fff812b8000 	C:\WINDOWS\System32\PSAPI.DLL
0x00007fff7c380000 - 0x00007fff7c3a4000 	C:\WINDOWS\SYSTEM32\WINMM.dll
0x00007fff778c0000 - 0x00007fff778ca000 	C:\WINDOWS\SYSTEM32\VERSION.dll
0x00007fff7a790000 - 0x00007fff7a799000 	C:\WINDOWS\SYSTEM32\WSOCK32.dll
0x00007fff80c10000 - 0x00007fff80c7f000 	C:\WINDOWS\System32\WS2_32.dll
0x00007fff7bf00000 - 0x00007fff7bf2d000 	C:\WINDOWS\SYSTEM32\winmmbase.dll
0x00007fff7f570000 - 0x00007fff7f5ba000 	C:\WINDOWS\System32\cfgmgr32.dll
0x00000000631d0000 - 0x00000000631df000 	C:\Program Files\Java\jdk1.8.0_191\jre\bin\verify.dll
0x00000000631a0000 - 0x00000000631c9000 	C:\Program Files\Java\jdk1.8.0_191\jre\bin\java.dll
0x0000000063100000 - 0x0000000063135000 	C:\Program Files\Java\jdk1.8.0_191\jre\bin\jdwp.dll
0x00000000630f0000 - 0x00000000630f8000 	C:\Program Files\Java\jdk1.8.0_191\jre\bin\npt.dll
0x00000000630c0000 - 0x00000000630e3000 	C:\Program Files\Java\jdk1.8.0_191\jre\bin\instrument.dll
0x0000000063180000 - 0x0000000063196000 	C:\Program Files\Java\jdk1.8.0_191\jre\bin\zip.dll
0x00007fff7f5f0000 - 0x00007fff7fcd5000 	C:\WINDOWS\System32\SHELL32.dll
0x00007fff80210000 - 0x00007fff802b9000 	C:\WINDOWS\System32\shcore.dll
0x00007fff7e890000 - 0x00007fff7f00f000 	C:\WINDOWS\System32\windows.storage.dll
0x00007fff7e4b0000 - 0x00007fff7e4cf000 	C:\WINDOWS\System32\profapi.dll
0x00007fff7e440000 - 0x00007fff7e48a000 	C:\WINDOWS\System32\powrprof.dll
0x00007fff7e410000 - 0x00007fff7e420000 	C:\WINDOWS\System32\UMPDC.dll
0x00007fff81420000 - 0x00007fff81472000 	C:\WINDOWS\System32\shlwapi.dll
0x00007fff7e420000 - 0x00007fff7e431000 	C:\WINDOWS\System32\kernel.appcore.dll
0x00007fff7f3d0000 - 0x00007fff7f3e7000 	C:\WINDOWS\System32\cryptsp.dll
0x00000000630b0000 - 0x00000000630b9000 	C:\Program Files\Java\jdk1.8.0_191\jre\bin\dt_socket.dll
0x00007fff7dc80000 - 0x00007fff7dce7000 	C:\WINDOWS\system32\mswsock.dll
0x0000000180000000 - 0x0000000180053000 	D:\dev\3DGameEngine\lib\native\windows\lwjgl64.dll
0x00007fff62ff0000 - 0x00007fff63146000 	C:\WINDOWS\SYSTEM32\OPENGL32.dll
0x00007fff6d4d0000 - 0x00007fff6d4fc000 	C:\WINDOWS\SYSTEM32\GLU32.dll
0x00007fff7d080000 - 0x00007fff7d0a0000 	C:\WINDOWS\SYSTEM32\dxcore.dll
0x00007fff79370000 - 0x00007fff7941e000 	C:\WINDOWS\SYSTEM32\mscms.dll
0x00007fff7e330000 - 0x00007fff7e355000 	C:\WINDOWS\SYSTEM32\USERENV.dll
0x00007fff79350000 - 0x00007fff79367000 	C:\WINDOWS\SYSTEM32\ColorAdapterClient.dll
0x00007fff80b40000 - 0x00007fff80c04000 	C:\WINDOWS\System32\OLEAUT32.dll
0x00007fff80750000 - 0x00007fff807f2000 	C:\WINDOWS\System32\clbcatq.dll
0x00007fff7c790000 - 0x00007fff7c829000 	C:\WINDOWS\system32\uxtheme.dll
0x00007fff80a00000 - 0x00007fff80b36000 	C:\WINDOWS\System32\MSCTF.dll
0x000000005f220000 - 0x0000000061865000 	C:\WINDOWS\System32\DriverStore\FileRepository\nv_dispi.inf_amd64_ff72214788d99390\nvoglv64.dll
0x00007fff80d40000 - 0x00007fff811b0000 	C:\WINDOWS\System32\SETUPAPI.dll
0x00007fff7f3f0000 - 0x00007fff7f416000 	C:\WINDOWS\System32\bcrypt.dll
0x00007fff812c0000 - 0x00007fff81416000 	C:\WINDOWS\System32\ole32.dll
0x00007fff7af20000 - 0x00007fff7af33000 	C:\WINDOWS\SYSTEM32\WTSAPI32.dll
0x00007fff7e210000 - 0x00007fff7e23a000 	C:\WINDOWS\SYSTEM32\DEVOBJ.dll
0x00007fff7f370000 - 0x00007fff7f3cc000 	C:\WINDOWS\System32\WINTRUST.dll
0x00007fff7e490000 - 0x00007fff7e4a2000 	C:\WINDOWS\System32\MSASN1.dll
0x00007fff7f420000 - 0x00007fff7f569000 	C:\WINDOWS\System32\CRYPT32.dll
0x00007fff7d470000 - 0x00007fff7d4a1000 	C:\WINDOWS\SYSTEM32\ntmarta.dll
0x00007fff7cbb0000 - 0x00007fff7cbdd000 	C:\WINDOWS\SYSTEM32\dwmapi.dll
0x00007fff4a3d0000 - 0x00007fff4a691000 	C:\WINDOWS\system32\nvspcap64.dll
0x00007fff6a390000 - 0x00007fff6a42e000 	C:\WINDOWS\System32\TextInputFramework.dll
0x00007fff7a280000 - 0x00007fff7a5aa000 	C:\WINDOWS\System32\CoreUIComponents.dll
0x00007fff7c2a0000 - 0x00007fff7c374000 	C:\WINDOWS\System32\CoreMessaging.dll
0x00007fff79d20000 - 0x00007fff79e73000 	C:\WINDOWS\SYSTEM32\wintypes.dll
0x00007fff6eed0000 - 0x00007fff6f176000 	C:\WINDOWS\System32\iertutil.dll
0x00007fff69380000 - 0x00007fff693c3000 	C:\WINDOWS\SYSTEM32\icm32.dll
0x00007fff7d4e0000 - 0x00007fff7d53c000 	C:\WINDOWS\SYSTEM32\WINSTA.dll
0x0000000062f10000 - 0x00000000630a9000 	C:\Program Files\Java\jdk1.8.0_191\jre\bin\awt.dll
0x00007fff7c5b0000 - 0x00007fff7c63f000 	C:\WINDOWS\SYSTEM32\apphelp.dll
0x0000000062ed0000 - 0x0000000062f01000 	C:\Program Files\Java\jdk1.8.0_191\jre\bin\jpeg.dll
0x00007fff6d4b0000 - 0x00007fff6d4ca000 	C:\Windows\System32\Windows.Internal.Graphics.Display.DisplayColorManagement.dll
0x00007fff75c70000 - 0x00007fff75e64000 	C:\WINDOWS\SYSTEM32\dbghelp.dll

VM Arguments:
jvm_args: -agentlib:jdwp=transport=dt_socket,address=127.0.0.1:64753,suspend=y,server=n -Djava.library.path=D:\dev\3DGameEngine\lib\native\windows -javaagent:C:\Users\Vladimir\.IdeaIC2018.2\system\captureAgent\debugger-agent.jar=file:/C:/Users/Vladimir/AppData/Local/Temp/capture.props -Dfile.encoding=UTF-8 
java_command: com.base.game.Main
java_class_path (initial): C:\Program Files\Java\jdk1.8.0_191\jre\lib\charsets.jar;C:\Program Files\Java\jdk1.8.0_191\jre\lib\deploy.jar;C:\Program Files\Java\jdk1.8.0_191\jre\lib\ext\access-bridge-64.jar;C:\Program Files\Java\jdk1.8.0_191\jre\lib\ext\cldrdata.jar;C:\Program Files\Java\jdk1.8.0_191\jre\lib\ext\dnsns.jar;C:\Program Files\Java\jdk1.8.0_191\jre\lib\ext\jaccess.jar;C:\Program Files\Java\jdk1.8.0_191\jre\lib\ext\jfxrt.jar;C:\Program Files\Java\jdk1.8.0_191\jre\lib\ext\localedata.jar;C:\Program Files\Java\jdk1.8.0_191\jre\lib\ext\nashorn.jar;C:\Program Files\Java\jdk1.8.0_191\jre\lib\ext\sunec.jar;C:\Program Files\Java\jdk1.8.0_191\jre\lib\ext\sunjce_provider.jar;C:\Program Files\Java\jdk1.8.0_191\jre\lib\ext\sunmscapi.jar;C:\Program Files\Java\jdk1.8.0_191\jre\lib\ext\sunpkcs11.jar;C:\Program Files\Java\jdk1.8.0_191\jre\lib\ext\zipfs.jar;C:\Program Files\Java\jdk1.8.0_191\jre\lib\javaws.jar;C:\Program Files\Java\jdk1.8.0_191\jre\lib\jce.jar;C:\Program Files\Java\jdk1.8.0_191\jre\lib\jfr.jar;C:\Program Files\Java\jdk1.8.0_191\jre\lib\jfxswt.jar;C:\Program Files\Java\jdk1.8.0_191\jre\lib\jsse.jar;C:\Program Files\Java\jdk1.8.0_191\jre\lib\management-agent.jar;C:\Program Files\Java\jdk1.8.0_191\jre\lib\plugin.jar;C:\Program Files\Java\jdk1.8.0_191\jre\lib\resources.jar;C:\Program Files\Java\jdk1.8.0_191\jre\lib\rt.jar;D:\dev\3DGameEngine\out\production\3DGameEngine;D:\dev\3DGameEngine\lib\lwjgl.jar;C:\Program Files\JetBrains\IntelliJ IDEA Community Edition 2018.2.6\lib\idea_rt.jar;C:\Users\Vladimir\.IdeaIC2018.2\system\captureAgent\debugger-agent.jar
Launcher Type: SUN_STANDARD

Environment Variables:
JAVA_HOME=C:\Program Files\Java\jdk1.8.0_191
PATH=C:\Program Files (x86)\Common Files\Oracle\Java\javapath;C:\WINDOWS\system32;C:\WINDOWS;C:\WINDOWS\System32\Wbem;C:\WINDOWS\System32\WindowsPowerShell\v1.0\;C:\Program Files\dotnet\;C:\WINDOWS\System32\OpenSSH\;C:\Program Files\Git\cmd;C:\Program Files\Java\jdk1.8.0_191\bin\;;C:\Program Files\NVIDIA Corporation\NVIDIA NvDLISR;C:\Program Files (x86)\NVIDIA Corporation\PhysX\Common;%SystemRoot%\system32;%SystemRoot%;%SystemRoot%\System32\Wbem;%SYSTEMROOT%\System32\WindowsPowerShell\v1.0\;%SYSTEMROOT%\System32\OpenSSH\;C:\Users\Vladimir\AppData\Local\Microsoft\WindowsApps;C:\Users\Vladimir\AppData\Local\atom\bin;%USERPROFILE%\AppData\Local\Microsoft\WindowsApps;
USERNAME=Vladimir
OS=Windows_NT
PROCESSOR_IDENTIFIER=Intel64 Family 6 Model 60 Stepping 3, GenuineIntel



---------------  S Y S T E M  ---------------

OS: Windows 10.0 , 64 bit Build 18362 (10.0.18362.329)

CPU:total 8 (initial active 8) (4 cores per cpu, 2 threads per core) family 6 model 60 stepping 3, cmov, cx8, fxsr, mmx, sse, sse2, sse3, ssse3, sse4.1, sse4.2, popcnt, avx, avx2, aes, clmul, erms, lzcnt, ht, tsc, tscinvbit, bmi1, bmi2

Memory: 4k page, physical 16650020k(8142916k free), swap 19140388k(5200816k free)

vm_info: Java HotSpot(TM) 64-Bit Server VM (25.191-b12) for windows-amd64 JRE (1.8.0_191-b12), built on Oct  6 2018 09:29:03 by "java_re" with MS VC++ 10.0 (VS2010)

time: Fri Oct 18 13:39:17 2019
elapsed time: 119 seconds (0d 0h 1m 59s)

